29-Dec-2022 10:26:34.271 INFO [main] org.apache.catalina.startup.VersionLoggerListener.log 서버 버전 이름:    Apache Tomcat/9.0.70
29-Dec-2022 10:26:34.319 INFO [main] org.apache.catalina.startup.VersionLoggerListener.log Server 빌드 시각:  Dec 1 2022 14:05:47 UTC
29-Dec-2022 10:26:34.319 INFO [main] org.apache.catalina.startup.VersionLoggerListener.log Server 버전 번호:  9.0.70.0
29-Dec-2022 10:26:34.319 INFO [main] org.apache.catalina.startup.VersionLoggerListener.log 운영체제 이름:     Windows 10
29-Dec-2022 10:26:34.319 INFO [main] org.apache.catalina.startup.VersionLoggerListener.log 운영체제 버전:     10.0
29-Dec-2022 10:26:34.320 INFO [main] org.apache.catalina.startup.VersionLoggerListener.log 아키텍처:          amd64
29-Dec-2022 10:26:34.321 INFO [main] org.apache.catalina.startup.VersionLoggerListener.log 자바 홈:           C:\Program Files\Java\jdk-14.0.2
29-Dec-2022 10:26:34.321 INFO [main] org.apache.catalina.startup.VersionLoggerListener.log JVM 버전:          14.0.2+12-46
29-Dec-2022 10:26:34.321 INFO [main] org.apache.catalina.startup.VersionLoggerListener.log JVM 벤더:          Oracle Corporation
29-Dec-2022 10:26:34.321 INFO [main] org.apache.catalina.startup.VersionLoggerListener.log CATALINA_BASE:     C:\웹 프로그래밍\tomcat 9\apache-tomcat-9.0.70
29-Dec-2022 10:26:34.321 INFO [main] org.apache.catalina.startup.VersionLoggerListener.log CATALINA_HOME:     C:\웹 프로그래밍\tomcat 9\apache-tomcat-9.0.70
29-Dec-2022 10:26:34.322 INFO [main] org.apache.catalina.startup.VersionLoggerListener.log 명령 행 아규먼트:  --add-opens=java.base/java.lang=ALL-UNNAMED
29-Dec-2022 10:26:34.323 INFO [main] org.apache.catalina.startup.VersionLoggerListener.log 명령 행 아규먼트:  --add-opens=java.base/java.io=ALL-UNNAMED
29-Dec-2022 10:26:34.323 INFO [main] org.apache.catalina.startup.VersionLoggerListener.log 명령 행 아규먼트:  --add-opens=java.base/java.util=ALL-UNNAMED
29-Dec-2022 10:26:34.324 INFO [main] org.apache.catalina.startup.VersionLoggerListener.log 명령 행 아규먼트:  --add-opens=java.base/java.util.concurrent=ALL-UNNAMED
29-Dec-2022 10:26:34.325 INFO [main] org.apache.catalina.startup.VersionLoggerListener.log 명령 행 아규먼트:  --add-opens=java.rmi/sun.rmi.transport=ALL-UNNAMED
29-Dec-2022 10:26:34.325 INFO [main] org.apache.catalina.startup.VersionLoggerListener.log 명령 행 아규먼트:  -Djava.util.logging.config.file=C:\웹 프로그래밍\tomcat 9\apache-tomcat-9.0.70\conf\logging.properties
29-Dec-2022 10:26:34.326 INFO [main] org.apache.catalina.startup.VersionLoggerListener.log 명령 행 아규먼트:  -Djava.util.logging.manager=org.apache.juli.ClassLoaderLogManager
29-Dec-2022 10:26:34.326 INFO [main] org.apache.catalina.startup.VersionLoggerListener.log 명령 행 아규먼트:  -Djdk.tls.ephemeralDHKeySize=2048
29-Dec-2022 10:26:34.327 INFO [main] org.apache.catalina.startup.VersionLoggerListener.log 명령 행 아규먼트:  -Djava.protocol.handler.pkgs=org.apache.catalina.webresources
29-Dec-2022 10:26:34.327 INFO [main] org.apache.catalina.startup.VersionLoggerListener.log 명령 행 아규먼트:  -Dignore.endorsed.dirs=
29-Dec-2022 10:26:34.328 INFO [main] org.apache.catalina.startup.VersionLoggerListener.log 명령 행 아규먼트:  -Dcatalina.base=C:\웹 프로그래밍\tomcat 9\apache-tomcat-9.0.70
29-Dec-2022 10:26:34.328 INFO [main] org.apache.catalina.startup.VersionLoggerListener.log 명령 행 아규먼트:  -Dcatalina.home=C:\웹 프로그래밍\tomcat 9\apache-tomcat-9.0.70
29-Dec-2022 10:26:34.329 INFO [main] org.apache.catalina.startup.VersionLoggerListener.log 명령 행 아규먼트:  -Djava.io.tmpdir=C:\웹 프로그래밍\tomcat 9\apache-tomcat-9.0.70\temp
29-Dec-2022 10:26:34.403 INFO [main] org.apache.catalina.core.AprLifecycleListener.lifecycleEvent APR 버전 [1.7.0]을(를) 사용한, APR 기반 Apache Tomcat Native 라이브러리 [1.2.35]을(를) 로드했습니다.
29-Dec-2022 10:26:34.407 INFO [main] org.apache.catalina.core.AprLifecycleListener.lifecycleEvent APR 용량정보들: IPv6 [true], sendfile [true], accept filters [false], random [true], UDS [true].
29-Dec-2022 10:26:34.407 INFO [main] org.apache.catalina.core.AprLifecycleListener.lifecycleEvent APR/OpenSSL 설정: useAprConnector [false], useOpenSSL [true]
29-Dec-2022 10:26:34.473 INFO [main] org.apache.catalina.core.AprLifecycleListener.initializeSSL OpenSSL이 성공적으로 초기화되었습니다: [OpenSSL 1.1.1q  5 Jul 2022]
29-Dec-2022 10:26:34.758 INFO [main] org.apache.coyote.AbstractProtocol.init 프로토콜 핸들러 ["http-nio-8080"]을(를) 초기화합니다.
29-Dec-2022 10:26:34.772 SEVERE [main] org.apache.catalina.util.LifecycleBase.handleSubClassException 구성요소 [Connector[HTTP/1.1-8080]]을(를) 초기화하지 못했습니다.
	org.apache.catalina.LifecycleException: 프로토콜 핸들러 초기화가 실패했습니다.
		at org.apache.catalina.connector.Connector.initInternal(Connector.java:1050)
		at org.apache.catalina.util.LifecycleBase.init(LifecycleBase.java:136)
		at org.apache.catalina.core.StandardService.initInternal(StandardService.java:554)
		at org.apache.catalina.util.LifecycleBase.init(LifecycleBase.java:136)
		at org.apache.catalina.core.StandardServer.initInternal(StandardServer.java:1045)
		at org.apache.catalina.util.LifecycleBase.init(LifecycleBase.java:136)
		at org.apache.catalina.startup.Catalina.load(Catalina.java:724)
		at org.apache.catalina.startup.Catalina.load(Catalina.java:746)
		at java.base/jdk.internal.reflect.NativeMethodAccessorImpl.invoke0(Native Method)
		at java.base/jdk.internal.reflect.NativeMethodAccessorImpl.invoke(NativeMethodAccessorImpl.java:62)
		at java.base/jdk.internal.reflect.DelegatingMethodAccessorImpl.invoke(DelegatingMethodAccessorImpl.java:43)
		at java.base/java.lang.reflect.Method.invoke(Method.java:564)
		at org.apache.catalina.startup.Bootstrap.load(Bootstrap.java:307)
		at org.apache.catalina.startup.Bootstrap.main(Bootstrap.java:477)
	Caused by: java.net.BindException: Address already in use: bind
		at java.base/sun.nio.ch.Net.bind0(Native Method)
		at java.base/sun.nio.ch.Net.bind(Net.java:479)
		at java.base/sun.nio.ch.Net.bind(Net.java:468)
		at java.base/sun.nio.ch.ServerSocketChannelImpl.bind(ServerSocketChannelImpl.java:220)
		at org.apache.tomcat.util.net.NioEndpoint.initServerSocket(NioEndpoint.java:275)
		at org.apache.tomcat.util.net.NioEndpoint.bind(NioEndpoint.java:230)
		at org.apache.tomcat.util.net.AbstractEndpoint.bindWithCleanup(AbstractEndpoint.java:1227)
		at org.apache.tomcat.util.net.AbstractEndpoint.init(AbstractEndpoint.java:1240)
		at org.apache.coyote.AbstractProtocol.init(AbstractProtocol.java:604)
		at org.apache.coyote.http11.AbstractHttp11Protocol.init(AbstractHttp11Protocol.java:76)
		at org.apache.catalina.connector.Connector.initInternal(Connector.java:1047)
		... 13 more
29-Dec-2022 10:26:34.773 INFO [main] org.apache.catalina.startup.Catalina.load [791] 밀리초 내에 서버가 초기화되었습니다.
29-Dec-2022 10:26:34.820 INFO [main] org.apache.catalina.core.StandardService.startInternal 서비스 [Catalina]을(를) 시작합니다.
29-Dec-2022 10:26:34.822 INFO [main] org.apache.catalina.core.StandardEngine.startInternal 서버 엔진을 시작합니다: [Apache Tomcat/9.0.70]
29-Dec-2022 10:26:34.831 INFO [main] org.apache.catalina.startup.HostConfig.deployDirectory 웹 애플리케이션 디렉토리 [C:\웹 프로그래밍\tomcat 9\apache-tomcat-9.0.70\webapps\docs]을(를) 배치합니다.
29-Dec-2022 10:26:35.251 INFO [main] org.apache.catalina.startup.HostConfig.deployDirectory 웹 애플리케이션 디렉토리 [C:\웹 프로그래밍\tomcat 9\apache-tomcat-9.0.70\webapps\docs]에 대한 배치가 [418] 밀리초에 완료되었습니다.
29-Dec-2022 10:26:35.253 INFO [main] org.apache.catalina.startup.HostConfig.deployDirectory 웹 애플리케이션 디렉토리 [C:\웹 프로그래밍\tomcat 9\apache-tomcat-9.0.70\webapps\examples]을(를) 배치합니다.
29-Dec-2022 10:26:37.560 INFO [main] org.apache.catalina.startup.HostConfig.deployDirectory 웹 애플리케이션 디렉토리 [C:\웹 프로그래밍\tomcat 9\apache-tomcat-9.0.70\webapps\examples]에 대한 배치가 [2,307] 밀리초에 완료되었습니다.
29-Dec-2022 10:26:37.562 INFO [main] org.apache.catalina.startup.HostConfig.deployDirectory 웹 애플리케이션 디렉토리 [C:\웹 프로그래밍\tomcat 9\apache-tomcat-9.0.70\webapps\host-manager]을(를) 배치합니다.
29-Dec-2022 10:26:37.622 INFO [main] org.apache.catalina.startup.HostConfig.deployDirectory 웹 애플리케이션 디렉토리 [C:\웹 프로그래밍\tomcat 9\apache-tomcat-9.0.70\webapps\host-manager]에 대한 배치가 [60] 밀리초에 완료되었습니다.
29-Dec-2022 10:26:37.624 INFO [main] org.apache.catalina.startup.HostConfig.deployDirectory 웹 애플리케이션 디렉토리 [C:\웹 프로그래밍\tomcat 9\apache-tomcat-9.0.70\webapps\manager]을(를) 배치합니다.
29-Dec-2022 10:26:37.688 INFO [main] org.apache.catalina.startup.HostConfig.deployDirectory 웹 애플리케이션 디렉토리 [C:\웹 프로그래밍\tomcat 9\apache-tomcat-9.0.70\webapps\manager]에 대한 배치가 [63] 밀리초에 완료되었습니다.
29-Dec-2022 10:26:37.689 INFO [main] org.apache.catalina.startup.HostConfig.deployDirectory 웹 애플리케이션 디렉토리 [C:\웹 프로그래밍\tomcat 9\apache-tomcat-9.0.70\webapps\ROOT]을(를) 배치합니다.
29-Dec-2022 10:26:37.735 INFO [main] org.apache.catalina.startup.HostConfig.deployDirectory 웹 애플리케이션 디렉토리 [C:\웹 프로그래밍\tomcat 9\apache-tomcat-9.0.70\webapps\ROOT]에 대한 배치가 [46] 밀리초에 완료되었습니다.
29-Dec-2022 10:26:37.740 INFO [main] org.apache.catalina.startup.Catalina.start 서버가 [2967] 밀리초 내에 시작되었습니다.
29-Dec-2022 10:27:47.759 INFO [Thread-1] org.apache.coyote.AbstractProtocol.pause 프로토콜 핸들러 ["http-nio-8080"]을(를) 일시 정지 중
29-Dec-2022 10:27:47.770 INFO [Thread-1] org.apache.catalina.core.StandardService.stopInternal 서비스 [Catalina]을(를) 중지시킵니다.
29-Dec-2022 10:27:47.834 INFO [Thread-1] org.apache.coyote.AbstractProtocol.stop 프로토콜 핸들러 ["http-nio-8080"]을(를) 중지시킵니다.
29-Dec-2022 10:27:47.838 INFO [Thread-1] org.apache.coyote.AbstractProtocol.destroy 프로토콜 핸들러 ["http-nio-8080"]을(를) 소멸시킵니다.
29-Dec-2022 10:31:50.057 INFO [main] org.apache.catalina.startup.VersionLoggerListener.log 서버 버전 이름:    Apache Tomcat/9.0.70
29-Dec-2022 10:31:50.060 INFO [main] org.apache.catalina.startup.VersionLoggerListener.log Server 빌드 시각:  Dec 1 2022 14:05:47 UTC
29-Dec-2022 10:31:50.060 INFO [main] org.apache.catalina.startup.VersionLoggerListener.log Server 버전 번호:  9.0.70.0
29-Dec-2022 10:31:50.060 INFO [main] org.apache.catalina.startup.VersionLoggerListener.log 운영체제 이름:     Windows 10
29-Dec-2022 10:31:50.060 INFO [main] org.apache.catalina.startup.VersionLoggerListener.log 운영체제 버전:     10.0
29-Dec-2022 10:31:50.061 INFO [main] org.apache.catalina.startup.VersionLoggerListener.log 아키텍처:          amd64
29-Dec-2022 10:31:50.061 INFO [main] org.apache.catalina.startup.VersionLoggerListener.log 자바 홈:           C:\Program Files\Java\jdk-14.0.2
29-Dec-2022 10:31:50.061 INFO [main] org.apache.catalina.startup.VersionLoggerListener.log JVM 버전:          14.0.2+12-46
29-Dec-2022 10:31:50.061 INFO [main] org.apache.catalina.startup.VersionLoggerListener.log JVM 벤더:          Oracle Corporation
29-Dec-2022 10:31:50.061 INFO [main] org.apache.catalina.startup.VersionLoggerListener.log CATALINA_BASE:     C:\웹 프로그래밍\tomcat 9\apache-tomcat-9.0.70
29-Dec-2022 10:31:50.061 INFO [main] org.apache.catalina.startup.VersionLoggerListener.log CATALINA_HOME:     C:\웹 프로그래밍\tomcat 9\apache-tomcat-9.0.70
29-Dec-2022 10:31:50.071 INFO [main] org.apache.catalina.startup.VersionLoggerListener.log 명령 행 아규먼트:  --add-opens=java.base/java.lang=ALL-UNNAMED
29-Dec-2022 10:31:50.072 INFO [main] org.apache.catalina.startup.VersionLoggerListener.log 명령 행 아규먼트:  --add-opens=java.base/java.io=ALL-UNNAMED
29-Dec-2022 10:31:50.072 INFO [main] org.apache.catalina.startup.VersionLoggerListener.log 명령 행 아규먼트:  --add-opens=java.base/java.util=ALL-UNNAMED
29-Dec-2022 10:31:50.073 INFO [main] org.apache.catalina.startup.VersionLoggerListener.log 명령 행 아규먼트:  --add-opens=java.base/java.util.concurrent=ALL-UNNAMED
29-Dec-2022 10:31:50.074 INFO [main] org.apache.catalina.startup.VersionLoggerListener.log 명령 행 아규먼트:  --add-opens=java.rmi/sun.rmi.transport=ALL-UNNAMED
29-Dec-2022 10:31:50.074 INFO [main] org.apache.catalina.startup.VersionLoggerListener.log 명령 행 아규먼트:  -Djava.util.logging.config.file=C:\웹 프로그래밍\tomcat 9\apache-tomcat-9.0.70\conf\logging.properties
29-Dec-2022 10:31:50.075 INFO [main] org.apache.catalina.startup.VersionLoggerListener.log 명령 행 아규먼트:  -Djava.util.logging.manager=org.apache.juli.ClassLoaderLogManager
29-Dec-2022 10:31:50.075 INFO [main] org.apache.catalina.startup.VersionLoggerListener.log 명령 행 아규먼트:  -Djdk.tls.ephemeralDHKeySize=2048
29-Dec-2022 10:31:50.075 INFO [main] org.apache.catalina.startup.VersionLoggerListener.log 명령 행 아규먼트:  -Djava.protocol.handler.pkgs=org.apache.catalina.webresources
29-Dec-2022 10:31:50.076 INFO [main] org.apache.catalina.startup.VersionLoggerListener.log 명령 행 아규먼트:  -Dignore.endorsed.dirs=
29-Dec-2022 10:31:50.076 INFO [main] org.apache.catalina.startup.VersionLoggerListener.log 명령 행 아규먼트:  -Dcatalina.base=C:\웹 프로그래밍\tomcat 9\apache-tomcat-9.0.70
29-Dec-2022 10:31:50.077 INFO [main] org.apache.catalina.startup.VersionLoggerListener.log 명령 행 아규먼트:  -Dcatalina.home=C:\웹 프로그래밍\tomcat 9\apache-tomcat-9.0.70
29-Dec-2022 10:31:50.077 INFO [main] org.apache.catalina.startup.VersionLoggerListener.log 명령 행 아규먼트:  -Djava.io.tmpdir=C:\웹 프로그래밍\tomcat 9\apache-tomcat-9.0.70\temp
29-Dec-2022 10:31:50.081 INFO [main] org.apache.catalina.core.AprLifecycleListener.lifecycleEvent APR 버전 [1.7.0]을(를) 사용한, APR 기반 Apache Tomcat Native 라이브러리 [1.2.35]을(를) 로드했습니다.
29-Dec-2022 10:31:50.083 INFO [main] org.apache.catalina.core.AprLifecycleListener.lifecycleEvent APR 용량정보들: IPv6 [true], sendfile [true], accept filters [false], random [true], UDS [true].
29-Dec-2022 10:31:50.083 INFO [main] org.apache.catalina.core.AprLifecycleListener.lifecycleEvent APR/OpenSSL 설정: useAprConnector [false], useOpenSSL [true]
29-Dec-2022 10:31:50.087 INFO [main] org.apache.catalina.core.AprLifecycleListener.initializeSSL OpenSSL이 성공적으로 초기화되었습니다: [OpenSSL 1.1.1q  5 Jul 2022]
29-Dec-2022 10:31:50.304 INFO [main] org.apache.coyote.AbstractProtocol.init 프로토콜 핸들러 ["http-nio-9000"]을(를) 초기화합니다.
29-Dec-2022 10:31:50.357 INFO [main] org.apache.catalina.startup.Catalina.load [462] 밀리초 내에 서버가 초기화되었습니다.
29-Dec-2022 10:31:50.398 INFO [main] org.apache.catalina.core.StandardService.startInternal 서비스 [Catalina]을(를) 시작합니다.
29-Dec-2022 10:31:50.399 INFO [main] org.apache.catalina.core.StandardEngine.startInternal 서버 엔진을 시작합니다: [Apache Tomcat/9.0.70]
29-Dec-2022 10:31:50.408 INFO [main] org.apache.catalina.startup.HostConfig.deployDirectory 웹 애플리케이션 디렉토리 [C:\웹 프로그래밍\tomcat 9\apache-tomcat-9.0.70\webapps\docs]을(를) 배치합니다.
29-Dec-2022 10:31:50.725 INFO [main] org.apache.catalina.startup.HostConfig.deployDirectory 웹 애플리케이션 디렉토리 [C:\웹 프로그래밍\tomcat 9\apache-tomcat-9.0.70\webapps\docs]에 대한 배치가 [314] 밀리초에 완료되었습니다.
29-Dec-2022 10:31:50.729 INFO [main] org.apache.catalina.startup.HostConfig.deployDirectory 웹 애플리케이션 디렉토리 [C:\웹 프로그래밍\tomcat 9\apache-tomcat-9.0.70\webapps\examples]을(를) 배치합니다.
29-Dec-2022 10:31:51.133 INFO [main] org.apache.catalina.startup.HostConfig.deployDirectory 웹 애플리케이션 디렉토리 [C:\웹 프로그래밍\tomcat 9\apache-tomcat-9.0.70\webapps\examples]에 대한 배치가 [405] 밀리초에 완료되었습니다.
29-Dec-2022 10:31:51.135 INFO [main] org.apache.catalina.startup.HostConfig.deployDirectory 웹 애플리케이션 디렉토리 [C:\웹 프로그래밍\tomcat 9\apache-tomcat-9.0.70\webapps\host-manager]을(를) 배치합니다.
29-Dec-2022 10:31:51.177 INFO [main] org.apache.catalina.startup.HostConfig.deployDirectory 웹 애플리케이션 디렉토리 [C:\웹 프로그래밍\tomcat 9\apache-tomcat-9.0.70\webapps\host-manager]에 대한 배치가 [42] 밀리초에 완료되었습니다.
29-Dec-2022 10:31:51.179 INFO [main] org.apache.catalina.startup.HostConfig.deployDirectory 웹 애플리케이션 디렉토리 [C:\웹 프로그래밍\tomcat 9\apache-tomcat-9.0.70\webapps\manager]을(를) 배치합니다.
29-Dec-2022 10:31:51.224 INFO [main] org.apache.catalina.startup.HostConfig.deployDirectory 웹 애플리케이션 디렉토리 [C:\웹 프로그래밍\tomcat 9\apache-tomcat-9.0.70\webapps\manager]에 대한 배치가 [45] 밀리초에 완료되었습니다.
29-Dec-2022 10:31:51.225 INFO [main] org.apache.catalina.startup.HostConfig.deployDirectory 웹 애플리케이션 디렉토리 [C:\웹 프로그래밍\tomcat 9\apache-tomcat-9.0.70\webapps\ROOT]을(를) 배치합니다.
29-Dec-2022 10:31:51.249 INFO [main] org.apache.catalina.startup.HostConfig.deployDirectory 웹 애플리케이션 디렉토리 [C:\웹 프로그래밍\tomcat 9\apache-tomcat-9.0.70\webapps\ROOT]에 대한 배치가 [24] 밀리초에 완료되었습니다.
29-Dec-2022 10:31:51.253 INFO [main] org.apache.coyote.AbstractProtocol.start 프로토콜 핸들러 ["http-nio-9000"]을(를) 시작합니다.
29-Dec-2022 10:31:51.387 INFO [main] org.apache.catalina.startup.Catalina.start 서버가 [1028] 밀리초 내에 시작되었습니다.
