04-Jan-2023 17:17:03.181 INFO [main] org.apache.catalina.startup.VersionLoggerListener.log 서버 버전 이름:    Apache Tomcat/9.0.70
04-Jan-2023 17:17:03.228 INFO [main] org.apache.catalina.startup.VersionLoggerListener.log Server 빌드 시각:  Dec 1 2022 14:05:47 UTC
04-Jan-2023 17:17:03.228 INFO [main] org.apache.catalina.startup.VersionLoggerListener.log Server 버전 번호:  9.0.70.0
04-Jan-2023 17:17:03.229 INFO [main] org.apache.catalina.startup.VersionLoggerListener.log 운영체제 이름:     Windows 10
04-Jan-2023 17:17:03.229 INFO [main] org.apache.catalina.startup.VersionLoggerListener.log 운영체제 버전:     10.0
04-Jan-2023 17:17:03.229 INFO [main] org.apache.catalina.startup.VersionLoggerListener.log 아키텍처:          amd64
04-Jan-2023 17:17:03.229 INFO [main] org.apache.catalina.startup.VersionLoggerListener.log 자바 홈:           C:\Program Files\Java\jdk-14.0.2
04-Jan-2023 17:17:03.229 INFO [main] org.apache.catalina.startup.VersionLoggerListener.log JVM 버전:          14.0.2+12-46
04-Jan-2023 17:17:03.230 INFO [main] org.apache.catalina.startup.VersionLoggerListener.log JVM 벤더:          Oracle Corporation
04-Jan-2023 17:17:03.230 INFO [main] org.apache.catalina.startup.VersionLoggerListener.log CATALINA_BASE:     C:\웹 프로그래밍\tomcat9\apache-tomcat-9.0.70
04-Jan-2023 17:17:03.230 INFO [main] org.apache.catalina.startup.VersionLoggerListener.log CATALINA_HOME:     C:\웹 프로그래밍\tomcat9\apache-tomcat-9.0.70
04-Jan-2023 17:17:03.267 INFO [main] org.apache.catalina.startup.VersionLoggerListener.log 명령 행 아규먼트:  --add-opens=java.base/java.lang=ALL-UNNAMED
04-Jan-2023 17:17:03.269 INFO [main] org.apache.catalina.startup.VersionLoggerListener.log 명령 행 아규먼트:  --add-opens=java.base/java.io=ALL-UNNAMED
04-Jan-2023 17:17:03.270 INFO [main] org.apache.catalina.startup.VersionLoggerListener.log 명령 행 아규먼트:  --add-opens=java.base/java.util=ALL-UNNAMED
04-Jan-2023 17:17:03.270 INFO [main] org.apache.catalina.startup.VersionLoggerListener.log 명령 행 아규먼트:  --add-opens=java.base/java.util.concurrent=ALL-UNNAMED
04-Jan-2023 17:17:03.272 INFO [main] org.apache.catalina.startup.VersionLoggerListener.log 명령 행 아규먼트:  --add-opens=java.rmi/sun.rmi.transport=ALL-UNNAMED
04-Jan-2023 17:17:03.273 INFO [main] org.apache.catalina.startup.VersionLoggerListener.log 명령 행 아규먼트:  -Djava.util.logging.config.file=C:\웹 프로그래밍\tomcat9\apache-tomcat-9.0.70\conf\logging.properties
04-Jan-2023 17:17:03.273 INFO [main] org.apache.catalina.startup.VersionLoggerListener.log 명령 행 아규먼트:  -Djava.util.logging.manager=org.apache.juli.ClassLoaderLogManager
04-Jan-2023 17:17:03.274 INFO [main] org.apache.catalina.startup.VersionLoggerListener.log 명령 행 아규먼트:  -Djdk.tls.ephemeralDHKeySize=2048
04-Jan-2023 17:17:03.274 INFO [main] org.apache.catalina.startup.VersionLoggerListener.log 명령 행 아규먼트:  -Djava.protocol.handler.pkgs=org.apache.catalina.webresources
04-Jan-2023 17:17:03.274 INFO [main] org.apache.catalina.startup.VersionLoggerListener.log 명령 행 아규먼트:  -Dignore.endorsed.dirs=
04-Jan-2023 17:17:03.275 INFO [main] org.apache.catalina.startup.VersionLoggerListener.log 명령 행 아규먼트:  -Dcatalina.base=C:\웹 프로그래밍\tomcat9\apache-tomcat-9.0.70
04-Jan-2023 17:17:03.275 INFO [main] org.apache.catalina.startup.VersionLoggerListener.log 명령 행 아규먼트:  -Dcatalina.home=C:\웹 프로그래밍\tomcat9\apache-tomcat-9.0.70
04-Jan-2023 17:17:03.276 INFO [main] org.apache.catalina.startup.VersionLoggerListener.log 명령 행 아규먼트:  -Djava.io.tmpdir=C:\웹 프로그래밍\tomcat9\apache-tomcat-9.0.70\temp
04-Jan-2023 17:17:03.300 INFO [main] org.apache.catalina.core.AprLifecycleListener.lifecycleEvent APR 버전 [1.7.0]을(를) 사용한, APR 기반 Apache Tomcat Native 라이브러리 [1.2.35]을(를) 로드했습니다.
04-Jan-2023 17:17:03.326 INFO [main] org.apache.catalina.core.AprLifecycleListener.lifecycleEvent APR 용량정보들: IPv6 [true], sendfile [true], accept filters [false], random [true], UDS [true].
04-Jan-2023 17:17:03.328 INFO [main] org.apache.catalina.core.AprLifecycleListener.lifecycleEvent APR/OpenSSL 설정: useAprConnector [false], useOpenSSL [true]
04-Jan-2023 17:17:03.335 INFO [main] org.apache.catalina.core.AprLifecycleListener.initializeSSL OpenSSL이 성공적으로 초기화되었습니다: [OpenSSL 1.1.1q  5 Jul 2022]
04-Jan-2023 17:17:03.733 INFO [main] org.apache.coyote.AbstractProtocol.init 프로토콜 핸들러 ["http-nio-9000"]을(를) 초기화합니다.
04-Jan-2023 17:17:03.795 INFO [main] org.apache.catalina.startup.Catalina.load [993] 밀리초 내에 서버가 초기화되었습니다.
04-Jan-2023 17:17:03.905 INFO [main] org.apache.catalina.core.StandardService.startInternal 서비스 [Catalina]을(를) 시작합니다.
04-Jan-2023 17:17:03.907 INFO [main] org.apache.catalina.core.StandardEngine.startInternal 서버 엔진을 시작합니다: [Apache Tomcat/9.0.70]
04-Jan-2023 17:17:03.924 INFO [main] org.apache.catalina.startup.HostConfig.deployWAR 웹 애플리케이션 아카이브 [C:\웹 프로그래밍\tomcat9\apache-tomcat-9.0.70\webapps\Jan03_myhome.war]을(를) 배치합니다.
04-Jan-2023 17:17:04.579 INFO [main] org.apache.catalina.startup.HostConfig.deployWAR 웹 애플리케이션 아카이브 [C:\웹 프로그래밍\tomcat9\apache-tomcat-9.0.70\webapps\Jan03_myhome.war]의 배치가 [650] 밀리초에 완료되었습니다.
04-Jan-2023 17:17:04.582 INFO [main] org.apache.catalina.startup.HostConfig.deployDirectory 웹 애플리케이션 디렉토리 [C:\웹 프로그래밍\tomcat9\apache-tomcat-9.0.70\webapps\docs]을(를) 배치합니다.
04-Jan-2023 17:17:04.630 INFO [main] org.apache.catalina.startup.HostConfig.deployDirectory 웹 애플리케이션 디렉토리 [C:\웹 프로그래밍\tomcat9\apache-tomcat-9.0.70\webapps\docs]에 대한 배치가 [48] 밀리초에 완료되었습니다.
04-Jan-2023 17:17:04.632 INFO [main] org.apache.catalina.startup.HostConfig.deployDirectory 웹 애플리케이션 디렉토리 [C:\웹 프로그래밍\tomcat9\apache-tomcat-9.0.70\webapps\examples]을(를) 배치합니다.
04-Jan-2023 17:17:06.465 INFO [main] org.apache.catalina.startup.HostConfig.deployDirectory 웹 애플리케이션 디렉토리 [C:\웹 프로그래밍\tomcat9\apache-tomcat-9.0.70\webapps\examples]에 대한 배치가 [1,834] 밀리초에 완료되었습니다.
04-Jan-2023 17:17:06.467 INFO [main] org.apache.catalina.startup.HostConfig.deployDirectory 웹 애플리케이션 디렉토리 [C:\웹 프로그래밍\tomcat9\apache-tomcat-9.0.70\webapps\host-manager]을(를) 배치합니다.
04-Jan-2023 17:17:06.559 INFO [main] org.apache.catalina.startup.HostConfig.deployDirectory 웹 애플리케이션 디렉토리 [C:\웹 프로그래밍\tomcat9\apache-tomcat-9.0.70\webapps\host-manager]에 대한 배치가 [92] 밀리초에 완료되었습니다.
04-Jan-2023 17:17:06.561 INFO [main] org.apache.catalina.startup.HostConfig.deployDirectory 웹 애플리케이션 디렉토리 [C:\웹 프로그래밍\tomcat9\apache-tomcat-9.0.70\webapps\manager]을(를) 배치합니다.
04-Jan-2023 17:17:06.626 INFO [main] org.apache.catalina.startup.HostConfig.deployDirectory 웹 애플리케이션 디렉토리 [C:\웹 프로그래밍\tomcat9\apache-tomcat-9.0.70\webapps\manager]에 대한 배치가 [65] 밀리초에 완료되었습니다.
04-Jan-2023 17:17:06.629 INFO [main] org.apache.catalina.startup.HostConfig.deployDirectory 웹 애플리케이션 디렉토리 [C:\웹 프로그래밍\tomcat9\apache-tomcat-9.0.70\webapps\ROOT]을(를) 배치합니다.
04-Jan-2023 17:17:06.663 INFO [main] org.apache.catalina.startup.HostConfig.deployDirectory 웹 애플리케이션 디렉토리 [C:\웹 프로그래밍\tomcat9\apache-tomcat-9.0.70\webapps\ROOT]에 대한 배치가 [34] 밀리초에 완료되었습니다.
04-Jan-2023 17:17:06.668 INFO [main] org.apache.coyote.AbstractProtocol.start 프로토콜 핸들러 ["http-nio-9000"]을(를) 시작합니다.
04-Jan-2023 17:17:06.752 INFO [main] org.apache.catalina.startup.Catalina.start 서버가 [2931] 밀리초 내에 시작되었습니다.
